<?xml version="1.0" encoding="UTF-8"?>
<coverage generated="1603074773518" clover="3.2.0">
  <project timestamp="1603074773518" name="All files">
    <metrics statements="22" coveredstatements="22" conditionals="2" coveredconditionals="2" methods="8" coveredmethods="8" elements="32" coveredelements="32" complexity="0" loc="22" ncloc="22" packages="1" files="8" classes="8"/>
    <file name="addUp.js" path="C:\Users\majoh\Documents\devCodeCamp\AA-Whiteboard\WhiteboardJavaScript\addUp.js">
      <metrics statements="5" coveredstatements="5" conditionals="0" coveredconditionals="0" methods="1" coveredmethods="1"/>
      <line num="2" count="4" type="stmt"/>
      <line num="3" count="4" type="stmt"/>
      <line num="4" count="1009" type="stmt"/>
      <line num="6" count="4" type="stmt"/>
      <line num="8" count="1" type="stmt"/>
    </file>
    <file name="areaShape.js" path="C:\Users\majoh\Documents\devCodeCamp\AA-Whiteboard\WhiteboardJavaScript\areaShape.js">
      <metrics statements="2" coveredstatements="2" conditionals="2" coveredconditionals="2" methods="1" coveredmethods="1"/>
      <line num="2" count="5" type="cond" truecount="2" falsecount="0"/>
      <line num="5" count="1" type="stmt"/>
    </file>
    <file name="bitwiseAND.js" path="C:\Users\majoh\Documents\devCodeCamp\AA-Whiteboard\WhiteboardJavaScript\bitwiseAND.js">
      <metrics statements="2" coveredstatements="2" conditionals="0" coveredconditionals="0" methods="1" coveredmethods="1"/>
      <line num="2" count="3" type="stmt"/>
      <line num="4" count="1" type="stmt"/>
    </file>
    <file name="bitwiseOR.js" path="C:\Users\majoh\Documents\devCodeCamp\AA-Whiteboard\WhiteboardJavaScript\bitwiseOR.js">
      <metrics statements="2" coveredstatements="2" conditionals="0" coveredconditionals="0" methods="1" coveredmethods="1"/>
      <line num="2" count="3" type="stmt"/>
      <line num="4" count="1" type="stmt"/>
    </file>
    <file name="bitwiseXOR.js" path="C:\Users\majoh\Documents\devCodeCamp\AA-Whiteboard\WhiteboardJavaScript\bitwiseXOR.js">
      <metrics statements="2" coveredstatements="2" conditionals="0" coveredconditionals="0" methods="1" coveredmethods="1"/>
      <line num="2" count="3" type="stmt"/>
      <line num="4" count="1" type="stmt"/>
    </file>
    <file name="format.js" path="C:\Users\majoh\Documents\devCodeCamp\AA-Whiteboard\WhiteboardJavaScript\format.js">
      <metrics statements="2" coveredstatements="2" conditionals="0" coveredconditionals="0" methods="1" coveredmethods="1"/>
      <line num="1" count="4" type="stmt"/>
      <line num="2" count="1" type="stmt"/>
    </file>
    <file name="signYourName.js" path="C:\Users\majoh\Documents\devCodeCamp\AA-Whiteboard\WhiteboardJavaScript\signYourName.js">
      <metrics statements="5" coveredstatements="5" conditionals="0" coveredconditionals="0" methods="1" coveredmethods="1"/>
      <line num="4" count="1" type="stmt"/>
      <line num="6" count="1" type="stmt"/>
      <line num="7" count="1" type="stmt"/>
      <line num="8" count="1" type="stmt"/>
      <line num="10" count="1" type="stmt"/>
    </file>
    <file name="sum.js" path="C:\Users\majoh\Documents\devCodeCamp\AA-Whiteboard\WhiteboardJavaScript\sum.js">
      <metrics statements="2" coveredstatements="2" conditionals="0" coveredconditionals="0" methods="1" coveredmethods="1"/>
      <line num="2" count="1" type="stmt"/>
      <line num="4" count="1" type="stmt"/>
    </file>
  </project>
</coverage>
