{"C:\\Users\\majoh\\Documents\\devCodeCamp\\AA-Whiteboard\\WhiteboardJavaScript\\addUp.js": {"path":"C:\\Users\\majoh\\Documents\\devCodeCamp\\AA-Whiteboard\\WhiteboardJavaScript\\addUp.js","statementMap":{"0":{"start":{"line":2,"column":14},"end":{"line":2,"column":15}},"1":{"start":{"line":3,"column":4},"end":{"line":5,"column":5}},"2":{"start":{"line":3,"column":17},"end":{"line":3,"column":18}},"3":{"start":{"line":4,"column":8},"end":{"line":4,"column":16}},"4":{"start":{"line":6,"column":4},"end":{"line":6,"column":15}},"5":{"start":{"line":8,"column":0},"end":{"line":8,"column":23}}},"fnMap":{"0":{"name":"addUp","decl":{"start":{"line":1,"column":9},"end":{"line":1,"column":14}},"loc":{"start":{"line":1,"column":20},"end":{"line":7,"column":1}},"line":1}},"branchMap":{},"s":{"0":4,"1":4,"2":4,"3":1009,"4":4,"5":1},"f":{"0":4},"b":{},"_coverageSchema":"1a1c01bbd47fc00a2c39e90264f33305004495a9","hash":"b4e2d09ddb4eca54539f18d038715816f36a3d2d"}
,"C:\\Users\\majoh\\Documents\\devCodeCamp\\AA-Whiteboard\\WhiteboardJavaScript\\bitwiseAND.js": {"path":"C:\\Users\\majoh\\Documents\\devCodeCamp\\AA-Whiteboard\\WhiteboardJavaScript\\bitwiseAND.js","statementMap":{"0":{"start":{"line":2,"column":1},"end":{"line":2,"column":16}},"1":{"start":{"line":4,"column":0},"end":{"line":4,"column":28}}},"fnMap":{"0":{"name":"bitwiseAND","decl":{"start":{"line":1,"column":9},"end":{"line":1,"column":19}},"loc":{"start":{"line":1,"column":28},"end":{"line":3,"column":1}},"line":1}},"branchMap":{},"s":{"0":3,"1":1},"f":{"0":3},"b":{},"_coverageSchema":"1a1c01bbd47fc00a2c39e90264f33305004495a9","hash":"62cafb31fa05472f8709fd8ca89ae01a509af9d8"}
,"C:\\Users\\majoh\\Documents\\devCodeCamp\\AA-Whiteboard\\WhiteboardJavaScript\\bitwiseOR.js": {"path":"C:\\Users\\majoh\\Documents\\devCodeCamp\\AA-Whiteboard\\WhiteboardJavaScript\\bitwiseOR.js","statementMap":{"0":{"start":{"line":2,"column":4},"end":{"line":2,"column":19}},"1":{"start":{"line":4,"column":0},"end":{"line":4,"column":27}}},"fnMap":{"0":{"name":"bitwiseOR","decl":{"start":{"line":1,"column":9},"end":{"line":1,"column":18}},"loc":{"start":{"line":1,"column":27},"end":{"line":3,"column":1}},"line":1}},"branchMap":{},"s":{"0":3,"1":1},"f":{"0":3},"b":{},"_coverageSchema":"1a1c01bbd47fc00a2c39e90264f33305004495a9","hash":"944b962d4826687e3cd79a6588d176578f0c399b"}
,"C:\\Users\\majoh\\Documents\\devCodeCamp\\AA-Whiteboard\\WhiteboardJavaScript\\bitwiseXOR.js": {"path":"C:\\Users\\majoh\\Documents\\devCodeCamp\\AA-Whiteboard\\WhiteboardJavaScript\\bitwiseXOR.js","statementMap":{"0":{"start":{"line":2,"column":4},"end":{"line":2,"column":19}},"1":{"start":{"line":4,"column":0},"end":{"line":4,"column":28}}},"fnMap":{"0":{"name":"bitwiseXOR","decl":{"start":{"line":1,"column":9},"end":{"line":1,"column":19}},"loc":{"start":{"line":1,"column":28},"end":{"line":3,"column":1}},"line":1}},"branchMap":{},"s":{"0":3,"1":1},"f":{"0":3},"b":{},"_coverageSchema":"1a1c01bbd47fc00a2c39e90264f33305004495a9","hash":"e1405cfd1e8d59750d18199aaa1a2e2915baa4e3"}
,"C:\\Users\\majoh\\Documents\\devCodeCamp\\AA-Whiteboard\\WhiteboardJavaScript\\signYourName.js": {"path":"C:\\Users\\majoh\\Documents\\devCodeCamp\\AA-Whiteboard\\WhiteboardJavaScript\\signYourName.js","statementMap":{"0":{"start":{"line":4,"column":4},"end":{"line":4,"column":21}},"1":{"start":{"line":6,"column":4},"end":{"line":6,"column":35}},"2":{"start":{"line":7,"column":6},"end":{"line":7,"column":38}},"3":{"start":{"line":8,"column":4},"end":{"line":8,"column":15}},"4":{"start":{"line":10,"column":0},"end":{"line":10,"column":30}}},"fnMap":{"0":{"name":"signYourName","decl":{"start":{"line":1,"column":9},"end":{"line":1,"column":21}},"loc":{"start":{"line":1,"column":27},"end":{"line":9,"column":3}},"line":1}},"branchMap":{},"s":{"0":1,"1":1,"2":1,"3":1,"4":1},"f":{"0":1},"b":{},"_coverageSchema":"1a1c01bbd47fc00a2c39e90264f33305004495a9","hash":"6334b67033d65bbfa7fa6f6ff3afc4198c07c0f1"}
,"C:\\Users\\majoh\\Documents\\devCodeCamp\\AA-Whiteboard\\WhiteboardJavaScript\\sum.js": {"path":"C:\\Users\\majoh\\Documents\\devCodeCamp\\AA-Whiteboard\\WhiteboardJavaScript\\sum.js","statementMap":{"0":{"start":{"line":2,"column":4},"end":{"line":2,"column":17}},"1":{"start":{"line":4,"column":2},"end":{"line":4,"column":23}}},"fnMap":{"0":{"name":"sum","decl":{"start":{"line":1,"column":9},"end":{"line":1,"column":12}},"loc":{"start":{"line":1,"column":19},"end":{"line":3,"column":3}},"line":1}},"branchMap":{},"s":{"0":1,"1":1},"f":{"0":1},"b":{},"_coverageSchema":"1a1c01bbd47fc00a2c39e90264f33305004495a9","hash":"29485c633a0b007a0c7294a2954553992bc214d6"}
}
