{"C:\\Users\\majoh\\Documents\\devCodeCamp\\AA-Whiteboard\\WhiteboardJavaScript\\absolute.js": {"path":"C:\\Users\\majoh\\Documents\\devCodeCamp\\AA-Whiteboard\\WhiteboardJavaScript\\absolute.js","statementMap":{"0":{"start":{"line":4,"column":17},"end":{"line":4,"column":41}},"1":{"start":{"line":4,"column":22},"end":{"line":4,"column":41}},"2":{"start":{"line":5,"column":0},"end":{"line":5,"column":26}}},"fnMap":{"0":{"name":"(anonymous_0)","decl":{"start":{"line":4,"column":17},"end":{"line":4,"column":18}},"loc":{"start":{"line":4,"column":22},"end":{"line":4,"column":41}},"line":4}},"branchMap":{"0":{"loc":{"start":{"line":4,"column":22},"end":{"line":4,"column":41}},"type":"cond-expr","locations":[{"start":{"line":4,"column":32},"end":{"line":4,"column":33}},{"start":{"line":4,"column":36},"end":{"line":4,"column":41}}],"line":4}},"s":{"0":1,"1":6,"2":1},"f":{"0":6},"b":{"0":[3,3]},"_coverageSchema":"1a1c01bbd47fc00a2c39e90264f33305004495a9","hash":"7b381aaf8281e5d99ddc8f75a18e13ae8249b65c"}
,"C:\\Users\\majoh\\Documents\\devCodeCamp\\AA-Whiteboard\\WhiteboardJavaScript\\addUp.js": {"path":"C:\\Users\\majoh\\Documents\\devCodeCamp\\AA-Whiteboard\\WhiteboardJavaScript\\addUp.js","statementMap":{"0":{"start":{"line":2,"column":14},"end":{"line":2,"column":15}},"1":{"start":{"line":3,"column":4},"end":{"line":5,"column":5}},"2":{"start":{"line":3,"column":17},"end":{"line":3,"column":18}},"3":{"start":{"line":4,"column":8},"end":{"line":4,"column":16}},"4":{"start":{"line":6,"column":4},"end":{"line":6,"column":15}},"5":{"start":{"line":8,"column":0},"end":{"line":8,"column":23}}},"fnMap":{"0":{"name":"addUp","decl":{"start":{"line":1,"column":9},"end":{"line":1,"column":14}},"loc":{"start":{"line":1,"column":20},"end":{"line":7,"column":1}},"line":1}},"branchMap":{},"s":{"0":4,"1":4,"2":4,"3":1009,"4":4,"5":1},"f":{"0":4},"b":{},"_coverageSchema":"1a1c01bbd47fc00a2c39e90264f33305004495a9","hash":"b4e2d09ddb4eca54539f18d038715816f36a3d2d"}
,"C:\\Users\\majoh\\Documents\\devCodeCamp\\AA-Whiteboard\\WhiteboardJavaScript\\areaShape.js": {"path":"C:\\Users\\majoh\\Documents\\devCodeCamp\\AA-Whiteboard\\WhiteboardJavaScript\\areaShape.js","statementMap":{"0":{"start":{"line":2,"column":4},"end":{"line":2,"column":70}},"1":{"start":{"line":5,"column":0},"end":{"line":5,"column":27}}},"fnMap":{"0":{"name":"areaShape","decl":{"start":{"line":1,"column":9},"end":{"line":1,"column":18}},"loc":{"start":{"line":1,"column":40},"end":{"line":4,"column":1}},"line":1}},"branchMap":{"0":{"loc":{"start":{"line":2,"column":11},"end":{"line":2,"column":69}},"type":"cond-expr","locations":[{"start":{"line":2,"column":34},"end":{"line":2,"column":53}},{"start":{"line":2,"column":56},"end":{"line":2,"column":69}}],"line":2}},"s":{"0":5,"1":1},"f":{"0":5},"b":{"0":[3,2]},"_coverageSchema":"1a1c01bbd47fc00a2c39e90264f33305004495a9","hash":"fe19263e98f518753fffd4c2829ee41c3a245ff7"}
,"C:\\Users\\majoh\\Documents\\devCodeCamp\\AA-Whiteboard\\WhiteboardJavaScript\\binary.js": {"path":"C:\\Users\\majoh\\Documents\\devCodeCamp\\AA-Whiteboard\\WhiteboardJavaScript\\binary.js","statementMap":{"0":{"start":{"line":1,"column":15},"end":{"line":1,"column":45}},"1":{"start":{"line":1,"column":26},"end":{"line":1,"column":45}},"2":{"start":{"line":3,"column":0},"end":{"line":3,"column":24}}},"fnMap":{"0":{"name":"(anonymous_0)","decl":{"start":{"line":1,"column":15},"end":{"line":1,"column":16}},"loc":{"start":{"line":1,"column":26},"end":{"line":1,"column":45}},"line":1}},"branchMap":{},"s":{"0":1,"1":8,"2":1},"f":{"0":8},"b":{},"_coverageSchema":"1a1c01bbd47fc00a2c39e90264f33305004495a9","hash":"3bce0c77c925f867c00c80e0e80756b253d868b4"}
,"C:\\Users\\majoh\\Documents\\devCodeCamp\\AA-Whiteboard\\WhiteboardJavaScript\\bitwiseAND.js": {"path":"C:\\Users\\majoh\\Documents\\devCodeCamp\\AA-Whiteboard\\WhiteboardJavaScript\\bitwiseAND.js","statementMap":{"0":{"start":{"line":2,"column":1},"end":{"line":2,"column":16}},"1":{"start":{"line":4,"column":0},"end":{"line":4,"column":28}}},"fnMap":{"0":{"name":"bitwiseAND","decl":{"start":{"line":1,"column":9},"end":{"line":1,"column":19}},"loc":{"start":{"line":1,"column":28},"end":{"line":3,"column":1}},"line":1}},"branchMap":{},"s":{"0":3,"1":1},"f":{"0":3},"b":{},"_coverageSchema":"1a1c01bbd47fc00a2c39e90264f33305004495a9","hash":"62cafb31fa05472f8709fd8ca89ae01a509af9d8"}
,"C:\\Users\\majoh\\Documents\\devCodeCamp\\AA-Whiteboard\\WhiteboardJavaScript\\bitwiseOR.js": {"path":"C:\\Users\\majoh\\Documents\\devCodeCamp\\AA-Whiteboard\\WhiteboardJavaScript\\bitwiseOR.js","statementMap":{"0":{"start":{"line":2,"column":4},"end":{"line":2,"column":19}},"1":{"start":{"line":4,"column":0},"end":{"line":4,"column":27}}},"fnMap":{"0":{"name":"bitwiseOR","decl":{"start":{"line":1,"column":9},"end":{"line":1,"column":18}},"loc":{"start":{"line":1,"column":27},"end":{"line":3,"column":1}},"line":1}},"branchMap":{},"s":{"0":3,"1":1},"f":{"0":3},"b":{},"_coverageSchema":"1a1c01bbd47fc00a2c39e90264f33305004495a9","hash":"944b962d4826687e3cd79a6588d176578f0c399b"}
,"C:\\Users\\majoh\\Documents\\devCodeCamp\\AA-Whiteboard\\WhiteboardJavaScript\\bitwiseXOR.js": {"path":"C:\\Users\\majoh\\Documents\\devCodeCamp\\AA-Whiteboard\\WhiteboardJavaScript\\bitwiseXOR.js","statementMap":{"0":{"start":{"line":2,"column":4},"end":{"line":2,"column":19}},"1":{"start":{"line":4,"column":0},"end":{"line":4,"column":28}}},"fnMap":{"0":{"name":"bitwiseXOR","decl":{"start":{"line":1,"column":9},"end":{"line":1,"column":19}},"loc":{"start":{"line":1,"column":28},"end":{"line":3,"column":1}},"line":1}},"branchMap":{},"s":{"0":3,"1":1},"f":{"0":3},"b":{},"_coverageSchema":"1a1c01bbd47fc00a2c39e90264f33305004495a9","hash":"e1405cfd1e8d59750d18199aaa1a2e2915baa4e3"}
,"C:\\Users\\majoh\\Documents\\devCodeCamp\\AA-Whiteboard\\WhiteboardJavaScript\\calculateExponent.js": {"path":"C:\\Users\\majoh\\Documents\\devCodeCamp\\AA-Whiteboard\\WhiteboardJavaScript\\calculateExponent.js","statementMap":{"0":{"start":{"line":2,"column":4},"end":{"line":2,"column":30}},"1":{"start":{"line":4,"column":0},"end":{"line":4,"column":35}}},"fnMap":{"0":{"name":"calculateExponent","decl":{"start":{"line":1,"column":9},"end":{"line":1,"column":26}},"loc":{"start":{"line":1,"column":37},"end":{"line":3,"column":1}},"line":1}},"branchMap":{},"s":{"0":3,"1":1},"f":{"0":3},"b":{},"_coverageSchema":"1a1c01bbd47fc00a2c39e90264f33305004495a9","hash":"640ff1e5fe47af0d46fd8f19d57e903de3d9712c"}
,"C:\\Users\\majoh\\Documents\\devCodeCamp\\AA-Whiteboard\\WhiteboardJavaScript\\emotify.js": {"path":"C:\\Users\\majoh\\Documents\\devCodeCamp\\AA-Whiteboard\\WhiteboardJavaScript\\emotify.js","statementMap":{"0":{"start":{"line":2,"column":20},"end":{"line":2,"column":63}},"1":{"start":{"line":3,"column":4},"end":{"line":5,"column":7}},"2":{"start":{"line":4,"column":8},"end":{"line":4,"column":32}},"3":{"start":{"line":14,"column":0},"end":{"line":14,"column":25}}},"fnMap":{"0":{"name":"emotify","decl":{"start":{"line":1,"column":9},"end":{"line":1,"column":16}},"loc":{"start":{"line":1,"column":22},"end":{"line":13,"column":1}},"line":1},"1":{"name":"(anonymous_1)","decl":{"start":{"line":3,"column":47},"end":{"line":3,"column":48}},"loc":{"start":{"line":3,"column":62},"end":{"line":5,"column":5}},"line":3}},"branchMap":{},"s":{"0":4,"1":4,"2":4,"3":1},"f":{"0":4,"1":4},"b":{},"_coverageSchema":"1a1c01bbd47fc00a2c39e90264f33305004495a9","hash":"64a2bd22dce1e2b9c6fd073df55b3dc42b5baf52"}
,"C:\\Users\\majoh\\Documents\\devCodeCamp\\AA-Whiteboard\\WhiteboardJavaScript\\flipBool.js": {"path":"C:\\Users\\majoh\\Documents\\devCodeCamp\\AA-Whiteboard\\WhiteboardJavaScript\\flipBool.js","statementMap":{"0":{"start":{"line":2,"column":1},"end":{"line":2,"column":28}},"1":{"start":{"line":4,"column":0},"end":{"line":4,"column":26}}},"fnMap":{"0":{"name":"flipBool","decl":{"start":{"line":1,"column":9},"end":{"line":1,"column":17}},"loc":{"start":{"line":1,"column":21},"end":{"line":3,"column":1}},"line":1}},"branchMap":{"0":{"loc":{"start":{"line":2,"column":8},"end":{"line":2,"column":28}},"type":"cond-expr","locations":[{"start":{"line":2,"column":23},"end":{"line":2,"column":24}},{"start":{"line":2,"column":27},"end":{"line":2,"column":28}}],"line":2}},"s":{"0":4,"1":1},"f":{"0":4},"b":{"0":[2,2]},"_coverageSchema":"1a1c01bbd47fc00a2c39e90264f33305004495a9","hash":"857a01a4dbe92fdb9d5094edbaa9a363ba5f5a8c"}
,"C:\\Users\\majoh\\Documents\\devCodeCamp\\AA-Whiteboard\\WhiteboardJavaScript\\format.js": {"path":"C:\\Users\\majoh\\Documents\\devCodeCamp\\AA-Whiteboard\\WhiteboardJavaScript\\format.js","statementMap":{"0":{"start":{"line":4,"column":15},"end":{"line":4,"column":68}},"1":{"start":{"line":4,"column":28},"end":{"line":4,"column":68}},"2":{"start":{"line":5,"column":0},"end":{"line":5,"column":24}}},"fnMap":{"0":{"name":"(anonymous_0)","decl":{"start":{"line":4,"column":15},"end":{"line":4,"column":16}},"loc":{"start":{"line":4,"column":28},"end":{"line":4,"column":68}},"line":4}},"branchMap":{},"s":{"0":1,"1":4,"2":1},"f":{"0":4},"b":{},"_coverageSchema":"1a1c01bbd47fc00a2c39e90264f33305004495a9","hash":"2e59d910c988488a32b17492b3dafd81e84fb227"}
,"C:\\Users\\majoh\\Documents\\devCodeCamp\\AA-Whiteboard\\WhiteboardJavaScript\\imposterFormula.js": {"path":"C:\\Users\\majoh\\Documents\\devCodeCamp\\AA-Whiteboard\\WhiteboardJavaScript\\imposterFormula.js","statementMap":{"0":{"start":{"line":4,"column":24},"end":{"line":4,"column":65}},"1":{"start":{"line":4,"column":34},"end":{"line":4,"column":65}},"2":{"start":{"line":5,"column":0},"end":{"line":5,"column":33}}},"fnMap":{"0":{"name":"(anonymous_0)","decl":{"start":{"line":4,"column":24},"end":{"line":4,"column":25}},"loc":{"start":{"line":4,"column":34},"end":{"line":4,"column":65}},"line":4}},"branchMap":{},"s":{"0":1,"1":3,"2":1},"f":{"0":3},"b":{},"_coverageSchema":"1a1c01bbd47fc00a2c39e90264f33305004495a9","hash":"d4258038cf7b47067caf90d145c977ec969b8e3b"}
,"C:\\Users\\majoh\\Documents\\devCodeCamp\\AA-Whiteboard\\WhiteboardJavaScript\\numberSplit.js": {"path":"C:\\Users\\majoh\\Documents\\devCodeCamp\\AA-Whiteboard\\WhiteboardJavaScript\\numberSplit.js","statementMap":{"0":{"start":{"line":2,"column":4},"end":{"line":2,"column":45}},"1":{"start":{"line":5,"column":0},"end":{"line":5,"column":29}}},"fnMap":{"0":{"name":"numberSplit","decl":{"start":{"line":1,"column":9},"end":{"line":1,"column":20}},"loc":{"start":{"line":1,"column":24},"end":{"line":3,"column":1}},"line":1}},"branchMap":{},"s":{"0":8,"1":1},"f":{"0":8},"b":{},"_coverageSchema":"1a1c01bbd47fc00a2c39e90264f33305004495a9","hash":"4641dab59b55a6b47d5846b7d7378fb9e205c941"}
,"C:\\Users\\majoh\\Documents\\devCodeCamp\\AA-Whiteboard\\WhiteboardJavaScript\\signYourName.js": {"path":"C:\\Users\\majoh\\Documents\\devCodeCamp\\AA-Whiteboard\\WhiteboardJavaScript\\signYourName.js","statementMap":{"0":{"start":{"line":4,"column":4},"end":{"line":4,"column":21}},"1":{"start":{"line":6,"column":4},"end":{"line":6,"column":35}},"2":{"start":{"line":7,"column":6},"end":{"line":7,"column":38}},"3":{"start":{"line":8,"column":4},"end":{"line":8,"column":15}},"4":{"start":{"line":10,"column":0},"end":{"line":10,"column":30}}},"fnMap":{"0":{"name":"signYourName","decl":{"start":{"line":1,"column":9},"end":{"line":1,"column":21}},"loc":{"start":{"line":1,"column":27},"end":{"line":9,"column":3}},"line":1}},"branchMap":{},"s":{"0":1,"1":1,"2":1,"3":1,"4":1},"f":{"0":1},"b":{},"_coverageSchema":"1a1c01bbd47fc00a2c39e90264f33305004495a9","hash":"6334b67033d65bbfa7fa6f6ff3afc4198c07c0f1"}
,"C:\\Users\\majoh\\Documents\\devCodeCamp\\AA-Whiteboard\\WhiteboardJavaScript\\sum.js": {"path":"C:\\Users\\majoh\\Documents\\devCodeCamp\\AA-Whiteboard\\WhiteboardJavaScript\\sum.js","statementMap":{"0":{"start":{"line":2,"column":4},"end":{"line":2,"column":17}},"1":{"start":{"line":4,"column":2},"end":{"line":4,"column":23}}},"fnMap":{"0":{"name":"sum","decl":{"start":{"line":1,"column":9},"end":{"line":1,"column":12}},"loc":{"start":{"line":1,"column":19},"end":{"line":3,"column":3}},"line":1}},"branchMap":{},"s":{"0":1,"1":1},"f":{"0":1},"b":{},"_coverageSchema":"1a1c01bbd47fc00a2c39e90264f33305004495a9","hash":"29485c633a0b007a0c7294a2954553992bc214d6"}
}
