TN:
SF:addUp.js
FN:1,addUp
FNF:1
FNH:1
FNDA:4,addUp
DA:2,4
DA:3,4
DA:4,1009
DA:6,4
DA:8,1
LF:5
LH:5
BRF:0
BRH:0
end_of_record
TN:
SF:areaShape.js
FN:1,areaShape
FNF:1
FNH:1
FNDA:5,areaShape
DA:2,5
DA:5,1
LF:2
LH:2
BRDA:2,0,0,3
BRDA:2,0,1,2
BRF:2
BRH:2
end_of_record
TN:
SF:bitwiseAND.js
FN:1,bitwiseAND
FNF:1
FNH:1
FNDA:3,bitwiseAND
DA:2,3
DA:4,1
LF:2
LH:2
BRF:0
BRH:0
end_of_record
TN:
SF:bitwiseOR.js
FN:1,bitwiseOR
FNF:1
FNH:1
FNDA:3,bitwiseOR
DA:2,3
DA:4,1
LF:2
LH:2
BRF:0
BRH:0
end_of_record
TN:
SF:bitwiseXOR.js
FN:1,bitwiseXOR
FNF:1
FNH:1
FNDA:3,bitwiseXOR
DA:2,3
DA:4,1
LF:2
LH:2
BRF:0
BRH:0
end_of_record
TN:
SF:format.js
FN:1,(anonymous_0)
FNF:1
FNH:1
FNDA:4,(anonymous_0)
DA:1,4
DA:2,1
LF:2
LH:2
BRF:0
BRH:0
end_of_record
TN:
SF:signYourName.js
FN:1,signYourName
FNF:1
FNH:1
FNDA:1,signYourName
DA:4,1
DA:6,1
DA:7,1
DA:8,1
DA:10,1
LF:5
LH:5
BRF:0
BRH:0
end_of_record
TN:
SF:sum.js
FN:1,sum
FNF:1
FNH:1
FNDA:1,sum
DA:2,1
DA:4,1
LF:2
LH:2
BRF:0
BRH:0
end_of_record
